[0610/220032.205:INFO:CONSOLE(0)] "The Content Security Policy directive 'upgrade-insecure-requests' is ignored when delivered in a report-only policy.", source: https://web.whatsapp.com/ (0)
[0610/220032.210:INFO:CONSOLE(1)] "[Report Only] Refused to apply inline style because it violates the following Content Security Policy directive: "default-src 'self' data: blob:". Either the 'unsafe-inline' keyword, a hash ('sha256-8StEYqCRZcc6KLATZgvty1WmbhiLWXhDGKW8XNZQ9So='), or a nonce ('nonce-...') is required to enable inline execution. Note also that 'style-src' was not explicitly set, so 'default-src' is used as a fallback.
", source: https://web.whatsapp.com/ (1)
[0610/220032.212:INFO:CONSOLE(1)] "[Report Only] Refused to execute inline script because it violates the following Content Security Policy directive: "default-src 'self' data: blob:". Either the 'unsafe-inline' keyword, a hash ('sha256-S3m23JGn7jM3OxFZkcPrKH7XEM+2cIQhtMq2gu3b/L0='), or a nonce ('nonce-...') is required to enable inline execution. Note also that 'script-src' was not explicitly set, so 'default-src' is used as a fallback.
", source: https://web.whatsapp.com/ (1)
[0610/220032.258:INFO:CONSOLE(1)] "[Report Only] Refused to execute inline script because it violates the following Content Security Policy directive: "default-src 'self' data: blob:". Either the 'unsafe-inline' keyword, a hash ('sha256-paftLkyui/zgxqVberMELfb8xn/lycxc05aoxzcDmOo='), or a nonce ('nonce-...') is required to enable inline execution. Note also that 'script-src' was not explicitly set, so 'default-src' is used as a fallback.
", source: https://web.whatsapp.com/ (1)
[0610/220032.258:INFO:CONSOLE(2)] "[Report Only] Refused to execute inline script because it violates the following Content Security Policy directive: "default-src 'self' data: blob:". Either the 'unsafe-inline' keyword, a hash ('sha256-nIzT0PTVr4x/XNHEUgjt0wi/5HLjU6UOTLrL9stYYnw='), or a nonce ('nonce-...') is required to enable inline execution. Note also that 'script-src' was not explicitly set, so 'default-src' is used as a fallback.
", source: https://web.whatsapp.com/ (2)
[0610/220032.292:INFO:CONSOLE(1)] "[Report Only] Refused to compile or instantiate WebAssembly module because 'unsafe-eval' is not an allowed source of script in the following Content Security Policy directive: "default-src 'self' data: blob:". Note that 'script-src' was not explicitly set, so 'default-src' is used as a fallback.
", source: https://web.whatsapp.com/libsignal-protocol-c387645.min.js (1)
[0610/220032.400:INFO:CONSOLE(7)] "[Report Only] Refused to evaluate a string as JavaScript because 'unsafe-eval' is not an allowed source of script in the following Content Security Policy directive: "default-src 'self' data: blob:". Note that 'script-src' was not explicitly set, so 'default-src' is used as a fallback.
", source: https://web.whatsapp.com/vendor1~bootstrap_qr.d22113b351145f031a1c.js (7)
[0610/220032.705:INFO:CONSOLE(71)] "[Report Only] Refused to apply inline style because it violates the following Content Security Policy directive: "default-src 'self' data: blob:". Either the 'unsafe-inline' keyword, a hash ('sha256-47DEQpj8HBSa+/TImW+5JCeuQeRkm5NMpJWZG3hSuFU='), or a nonce ('nonce-...') is required to enable inline execution. Note also that 'style-src' was not explicitly set, so 'default-src' is used as a fallback.
", source: https://web.whatsapp.com/bootstrap_qr.a817218351c7d3e5be74.js (71)
[0610/220032.930:INFO:CONSOLE(12)] "Deprecation warning: use moment.updateLocale(localeName, config) to change an existing locale. moment.defineLocale(localeName, config) should only be used for creating a new locale See http://momentjs.com/guides/#/warnings/define-locale/ for more info.", source: https://web.whatsapp.com/vendor1~bootstrap_qr.d22113b351145f031a1c.js (12)
[0610/220043.251:INFO:CONSOLE(1)] "Uncaught (in promise) TypeError: Failed to execute 'put' on 'Cache': Partial response (status code 206) is unsupported", source: https://web.whatsapp.com/serviceworker.js (1)
[0610/220043.251:INFO:CONSOLE(1)] "Uncaught (in promise) TypeError: Failed to execute 'put' on 'Cache': Partial response (status code 206) is unsupported", source: https://web.whatsapp.com/serviceworker.js (1)
[0610/220043.316:INFO:CONSOLE(1)] "Uncaught (in promise) TypeError: Failed to execute 'put' on 'Cache': Partial response (status code 206) is unsupported", source: https://web.whatsapp.com/serviceworker.js (1)
[0610/220046.178:INFO:CONSOLE(0)] "[Report Only] Refused to load the image 'https://pps.whatsapp.net/v/t61.24694-24/123360924_418223572518586_4077034801938668441_n.jpg?stp=dst-jpg_s96x96&ccb=11-4&oh=04c51ae36de007af42315ef953ba2c5f&oe=62B23F48' because it violates the following Content Security Policy directive: "default-src 'self' data: blob:". Note that 'img-src' was not explicitly set, so 'default-src' is used as a fallback.
", source: https://web.whatsapp.com/ (0)
[0610/220046.179:INFO:CONSOLE(0)] "[Report Only] Refused to load the image 'https://pps.whatsapp.net/v/t61.24694-24/255645178_456779579304333_4273659922811984600_n.jpg?stp=dst-jpg_s96x96&ccb=11-4&oh=0c5589f2880c4553fd1af70c0bc37d87&oe=62B47999' because it violates the following Content Security Policy directive: "default-src 'self' data: blob:". Note that 'img-src' was not explicitly set, so 'default-src' is used as a fallback.
", source: https://web.whatsapp.com/ (0)
[0610/220046.180:INFO:CONSOLE(0)] "[Report Only] Refused to load the image 'https://pps.whatsapp.net/v/t61.24694-24/184784275_1118373708911939_6308108199142553416_n.jpg?stp=dst-jpg_s96x96&ccb=11-4&oh=36b9659afb182e07c9471335925216f8&oe=62B485F5' because it violates the following Content Security Policy directive: "default-src 'self' data: blob:". Note that 'img-src' was not explicitly set, so 'default-src' is used as a fallback.
", source: https://web.whatsapp.com/ (0)
[0610/220046.181:INFO:CONSOLE(0)] "[Report Only] Refused to load the image 'https://pps.whatsapp.net/v/t61.24694-24/127288681_301726681027770_3416074684802246501_n.jpg?stp=dst-jpg_s96x96&ccb=11-4&oh=4d0a8e3e2a476779f3f9a95627ae6cda&oe=62B498E7' because it violates the following Content Security Policy directive: "default-src 'self' data: blob:". Note that 'img-src' was not explicitly set, so 'default-src' is used as a fallback.
", source: https://web.whatsapp.com/ (0)
[0610/220046.182:INFO:CONSOLE(0)] "[Report Only] Refused to load the image 'https://pps.whatsapp.net/v/t61.24694-24/199058617_126547556316076_5714756192261400916_n.jpg?stp=dst-jpg_s96x96&ccb=11-4&oh=0f80a24b396232f7824dd66027c23efa&oe=62B40943' because it violates the following Content Security Policy directive: "default-src 'self' data: blob:". Note that 'img-src' was not explicitly set, so 'default-src' is used as a fallback.
", source: https://web.whatsapp.com/ (0)
[0610/220046.182:INFO:CONSOLE(0)] "[Report Only] Refused to load the image 'https://pps.whatsapp.net/v/t61.24694-24/140099135_894905327900038_2885600241602955684_n.jpg?stp=dst-jpg_s96x96&ccb=11-4&oh=16ff6e2f1f69647a3b1a342f7446931c&oe=62B1A277' because it violates the following Content Security Policy directive: "default-src 'self' data: blob:". Note that 'img-src' was not explicitly set, so 'default-src' is used as a fallback.
", source: https://web.whatsapp.com/ (0)
[0610/220046.183:INFO:CONSOLE(0)] "[Report Only] Refused to load the image 'https://pps.whatsapp.net/v/t61.24694-24/225933196_326763759482505_9133340654510966320_n.jpg?stp=dst-jpg_s96x96&ccb=11-4&oh=af23dda0baab2c4d265d25d5d4a818dc&oe=62B51435' because it violates the following Content Security Policy directive: "default-src 'self' data: blob:". Note that 'img-src' was not explicitly set, so 'default-src' is used as a fallback.
", source: https://web.whatsapp.com/ (0)
[0610/220046.189:INFO:CONSOLE(0)] "[Report Only] Refused to load the image 'https://pps.whatsapp.net/v/t61.24694-24/261817038_1438427329884226_6875893775458562934_n.jpg?stp=dst-jpg_s96x96&ccb=11-4&oh=5229555eaba71c4d152db6ce25273b44&oe=62B4A487' because it violates the following Content Security Policy directive: "default-src 'self' data: blob:". Note that 'img-src' was not explicitly set, so 'default-src' is used as a fallback.
", source: https://web.whatsapp.com/ (0)
[0610/220046.189:INFO:CONSOLE(0)] "[Report Only] Refused to load the image 'https://pps.whatsapp.net/v/t61.24694-24/257999932_490340819367236_1110157166303094157_n.jpg?stp=dst-jpg_s96x96&ccb=11-4&oh=dc37b145823e3030cb0645bdb8fc8bfa&oe=62B1675C' because it violates the following Content Security Policy directive: "default-src 'self' data: blob:". Note that 'img-src' was not explicitly set, so 'default-src' is used as a fallback.
", source: https://web.whatsapp.com/ (0)
[0610/220046.189:INFO:CONSOLE(0)] "[Report Only] Refused to load the image 'https://pps.whatsapp.net/v/t61.24694-24/263924226_1501387146861384_677774221635940080_n.jpg?stp=dst-jpg_s96x96&ccb=11-4&oh=01_AVzb0hshIXzOL8C_93-WhS3KgmiJj-1xV11gTKFKqyvjyA&oe=62B49F80' because it violates the following Content Security Policy directive: "default-src 'self' data: blob:". Note that 'img-src' was not explicitly set, so 'default-src' is used as a fallback.
", source: https://web.whatsapp.com/ (0)
[0610/220046.190:INFO:CONSOLE(0)] "[Report Only] Refused to load the image 'https://pps.whatsapp.net/v/t61.24694-24/259372531_1186850005465166_5690215763259941300_n.jpg?stp=dst-jpg_s96x96&ccb=11-4&oh=cba808bc4caab0831aa7e027b49e13e5&oe=62B2BF53' because it violates the following Content Security Policy directive: "default-src 'self' data: blob:". Note that 'img-src' was not explicitly set, so 'default-src' is used as a fallback.
", source: https://web.whatsapp.com/ (0)
[0610/220046.191:INFO:CONSOLE(0)] "[Report Only] Refused to load the image 'https://pps.whatsapp.net/v/t61.24694-24/259964299_656374252337043_1359248533178313592_n.jpg?stp=dst-jpg_s96x96&ccb=11-4&oh=01_AVzSj5ViICSptqCxjYi6VqVaXKu83eMQS3HFQ9UJ52SGgA&oe=62B28811' because it violates the following Content Security Policy directive: "default-src 'self' data: blob:". Note that 'img-src' was not explicitly set, so 'default-src' is used as a fallback.
", source: https://web.whatsapp.com/ (0)
[0610/220048.335:INFO:CONSOLE(0)] "[Report Only] Refused to load the image 'https://pps.whatsapp.net/v/t61.24694-24/250499971_339565754723513_5034448386804580215_n.jpg?stp=dst-jpg_s96x96&ccb=11-4&oh=6ea6258cf29387bb4da2937c3b68a2f7&oe=62B3E1F8' because it violates the following Content Security Policy directive: "default-src 'self' data: blob:". Note that 'img-src' was not explicitly set, so 'default-src' is used as a fallback.
", source: https://web.whatsapp.com/ (0)
